color =  + cOlf(cOli1e,cOli2e,cOlj2r)*cOlf(cOlj2r,cOli3e,cOli5r)*cOlf(cOli4e,
      cOli5e,cOli5r) * ( 1 )

       + cOlf(cOli1e,cOli2e,cOlj2r)*cOlf(cOlj2r,cOli4e,cOli5r)*cOlf(cOli3e,
      cOli5e,cOli5r) * ( 1 )

       + cOlf(cOli1e,cOli2e,cOlj2r)*cOlf(cOlj2r,cOli5e,cOli5r)*cOlf(cOli3e,
      cOli4e,cOli5r) * ( 1 )

       + cOlf(cOli1e,cOli2e,cOli5r)*cOlf(cOlj2r,cOli3e,cOli4e)*cOlf(cOlj2r,
      cOli5e,cOli5r) * ( 1 )

       + cOlf(cOli1e,cOli2e,cOli5r)*cOlf(cOlj2r,cOli3e,cOli5e)*cOlf(cOlj2r,
      cOli4e,cOli5r) * ( 1 )

       + cOlf(cOli1e,cOli2e,cOli5r)*cOlf(cOlj2r,cOli3e,cOli5r)*cOlf(cOlj2r,
      cOli4e,cOli5e) * ( 1 )

       + cOlf(cOli1e,cOli2e,cOli6r)*cOlf(cOli3e,cOli4e,cOli5r)*cOlf(cOli5e,
      cOli5r,cOli6r) * ( 1 )

       + cOlf(cOli1e,cOli2e,cOli6r)*cOlf(cOli3e,cOli5e,cOli5r)*cOlf(cOli4e,
      cOli5r,cOli6r) * ( 1 )

       + cOlf(cOli1e,cOli2e,cOli6r)*cOlf(cOli3e,cOli5r,cOli6r)*cOlf(cOli4e,
      cOli5e,cOli5r) * ( 1 )

       + cOlf(cOli1e,cOlj2r,cOli3e)*cOlf(cOli2e,cOlj2r,cOli5r)*cOlf(cOli4e,
      cOli5e,cOli5r) * ( 1 )

       + cOlf(cOli1e,cOlj2r,cOli3e)*cOlf(cOli2e,cOli4e,cOli5r)*cOlf(cOlj2r,
      cOli5e,cOli5r) * ( 1 )

       + cOlf(cOli1e,cOlj2r,cOli3e)*cOlf(cOli2e,cOli5e,cOli5r)*cOlf(cOlj2r,
      cOli4e,cOli5r) * ( 1 )

       + cOlf(cOli1e,cOlj2r,cOli4e)*cOlf(cOli2e,cOlj2r,cOli5r)*cOlf(cOli3e,
      cOli5e,cOli5r) * ( 1 )

       + cOlf(cOli1e,cOlj2r,cOli4e)*cOlf(cOli2e,cOli3e,cOli5r)*cOlf(cOlj2r,
      cOli5e,cOli5r) * ( 1 )

       + cOlf(cOli1e,cOlj2r,cOli4e)*cOlf(cOli2e,cOli5e,cOli5r)*cOlf(cOlj2r,
      cOli3e,cOli5r) * ( 1 )

       + cOlf(cOli1e,cOlj2r,cOli5e)*cOlf(cOli2e,cOlj2r,cOli5r)*cOlf(cOli3e,
      cOli4e,cOli5r) * ( 1 )

       + cOlf(cOli1e,cOlj2r,cOli5e)*cOlf(cOli2e,cOli3e,cOli5r)*cOlf(cOlj2r,
      cOli4e,cOli5r) * ( 1 )

       + cOlf(cOli1e,cOlj2r,cOli5e)*cOlf(cOli2e,cOli4e,cOli5r)*cOlf(cOlj2r,
      cOli3e,cOli5r) * ( 1 )

       + cOlf(cOli1e,cOlj2r,cOli5r)*cOlf(cOli2e,cOlj2r,cOli3e)*cOlf(cOli4e,
      cOli5e,cOli5r) * ( 1 )

       + cOlf(cOli1e,cOlj2r,cOli5r)*cOlf(cOli2e,cOlj2r,cOli4e)*cOlf(cOli3e,
      cOli5e,cOli5r) * ( 1 )

       + cOlf(cOli1e,cOlj2r,cOli5r)*cOlf(cOli2e,cOlj2r,cOli5e)*cOlf(cOli3e,
      cOli4e,cOli5r) * ( 1 )

       + cOlf(cOli1e,cOlj2r,cOli5r)*cOlf(cOli2e,cOli3e,cOli5r)*cOlf(cOlj2r,
      cOli4e,cOli5e) * ( 1 )

       + cOlf(cOli1e,cOlj2r,cOli5r)*cOlf(cOli2e,cOli4e,cOli5r)*cOlf(cOlj2r,
      cOli3e,cOli5e) * ( 1 )

       + cOlf(cOli1e,cOlj2r,cOli5r)*cOlf(cOli2e,cOli5e,cOli5r)*cOlf(cOlj2r,
      cOli3e,cOli4e) * ( 1 )

       + cOlf(cOli1e,cOli3e,cOli5r)*cOlf(cOli2e,cOlj2r,cOli4e)*cOlf(cOlj2r,
      cOli5e,cOli5r) * ( 1 )

       + cOlf(cOli1e,cOli3e,cOli5r)*cOlf(cOli2e,cOlj2r,cOli5e)*cOlf(cOlj2r,
      cOli4e,cOli5r) * ( 1 )

       + cOlf(cOli1e,cOli3e,cOli5r)*cOlf(cOli2e,cOlj2r,cOli5r)*cOlf(cOlj2r,
      cOli4e,cOli5e) * ( 1 )

       + cOlf(cOli1e,cOli3e,cOli5r)*cOlf(cOli2e,cOli4e,cOli6r)*cOlf(cOli5e,
      cOli5r,cOli6r) * ( 1 )

       + cOlf(cOli1e,cOli3e,cOli5r)*cOlf(cOli2e,cOli5e,cOli6r)*cOlf(cOli4e,
      cOli5r,cOli6r) * ( 1 )

       + cOlf(cOli1e,cOli3e,cOli5r)*cOlf(cOli2e,cOli5r,cOli6r)*cOlf(cOli4e,
      cOli5e,cOli6r) * ( 1 )

       + cOlf(cOli1e,cOli4e,cOli5r)*cOlf(cOli2e,cOlj2r,cOli3e)*cOlf(cOlj2r,
      cOli5e,cOli5r) * ( 1 )

       + cOlf(cOli1e,cOli4e,cOli5r)*cOlf(cOli2e,cOlj2r,cOli5e)*cOlf(cOlj2r,
      cOli3e,cOli5r) * ( 1 )

       + cOlf(cOli1e,cOli4e,cOli5r)*cOlf(cOli2e,cOlj2r,cOli5r)*cOlf(cOlj2r,
      cOli3e,cOli5e) * ( 1 )

       + cOlf(cOli1e,cOli4e,cOli5r)*cOlf(cOli2e,cOli5e,cOli6r)*cOlf(cOli3e,
      cOli5r,cOli6r) * ( 1 )

       + cOlf(cOli1e,cOli4e,cOli6r)*cOlf(cOli2e,cOli3e,cOli5r)*cOlf(cOli5e,
      cOli5r,cOli6r) * ( 1 )

       + cOlf(cOli1e,cOli4e,cOli6r)*cOlf(cOli2e,cOli5r,cOli6r)*cOlf(cOli3e,
      cOli5e,cOli5r) * ( 1 )

       + cOlf(cOli1e,cOli5e,cOli5r)*cOlf(cOli2e,cOlj2r,cOli3e)*cOlf(cOlj2r,
      cOli4e,cOli5r) * ( 1 )

       + cOlf(cOli1e,cOli5e,cOli5r)*cOlf(cOli2e,cOlj2r,cOli4e)*cOlf(cOlj2r,
      cOli3e,cOli5r) * ( 1 )

       + cOlf(cOli1e,cOli5e,cOli5r)*cOlf(cOli2e,cOlj2r,cOli5r)*cOlf(cOlj2r,
      cOli3e,cOli4e) * ( 1 )

       + cOlf(cOli1e,cOli5e,cOli6r)*cOlf(cOli2e,cOli3e,cOli5r)*cOlf(cOli4e,
      cOli5r,cOli6r) * ( 1 )

       + cOlf(cOli1e,cOli5e,cOli6r)*cOlf(cOli2e,cOli4e,cOli5r)*cOlf(cOli3e,
      cOli5r,cOli6r) * ( 1 )

       + cOlf(cOli1e,cOli5e,cOli6r)*cOlf(cOli2e,cOli5r,cOli6r)*cOlf(cOli3e,
      cOli4e,cOli5r) * ( 1 )

       + cOlf(cOli1e,cOli5r,cOli6r)*cOlf(cOli2e,cOli3e,cOli5r)*cOlf(cOli4e,
      cOli5e,cOli6r) * ( 1 )

       + cOlf(cOli1e,cOli5r,cOli6r)*cOlf(cOli2e,cOli4e,cOli6r)*cOlf(cOli3e,
      cOli5e,cOli5r) * ( 1 )

       + cOlf(cOli1e,cOli5r,cOli6r)*cOlf(cOli2e,cOli5e,cOli6r)*cOlf(cOli3e,
      cOli4e,cOli5r) * ( 1 );
